<?xml version="1.0" encoding="UTF-8"?>
<!-- Generated by org.testng.reporters.JUnitReportReporter -->
<testsuite hostname="EG-MMEGAWER" failures="0" tests="1" name="tests.ValidateSubscriptionPackages" time="0.119" errors="0" timestamp="2023-03-13T15:47:56 EET" skipped="0">
  <testcase classname="tests.ValidateSubscriptionPackages" name="ValidateLitePackage_Egypt" time="0.119"/>
  <system-out/>
</testsuite> <!-- tests.ValidateSubscriptionPackages -->
