<?xml version="1.0" encoding="UTF-8"?>
<!-- Generated by org.testng.reporters.JUnitReportReporter -->
<testsuite hostname="EG-MMEGAWER" failures="0" tests="4" name="tests.UAESubscriptionPackages" time="0.076" errors="0" timestamp="2023-03-13T21:11:33 EET" skipped="0">
  <testcase classname="tests.UAESubscriptionPackages" name="ValidateLitePackage_UAE" time="0.020"/>
  <system-out/>
  <testcase classname="tests.UAESubscriptionPackages" name="ValidateClassicPackage_UAE" time="0.018"/>
  <system-out/>
  <testcase classname="tests.UAESubscriptionPackages" name="ValidatePremiumPackage_UAE" time="0.019"/>
  <system-out/>
  <testcase classname="tests.UAESubscriptionPackages" name="ValidateTheCurrency_UAE" time="0.019"/>
  <system-out/>
</testsuite> <!-- tests.UAESubscriptionPackages -->
