<?xml version="1.0" encoding="UTF-8"?>
<!-- Generated by org.testng.reporters.JUnitReportReporter -->
<testsuite hostname="EG-MMEGAWER" failures="0" tests="1" name="tests.ValidatePrice" time="0.003" errors="0" timestamp="2023-03-13T12:31:24 EET" skipped="0">
  <testcase classname="tests.ValidatePrice" name="UserCanRegisterSuccssfully" time="0.003"/>
  <system-out/>
</testsuite> <!-- tests.ValidatePrice -->
