<?xml version="1.0" encoding="UTF-8"?>
<!-- Generated by org.testng.reporters.JUnitReportReporter -->
<testsuite hostname="EG-MMEGAWER" failures="0" tests="4" name="tests.JordanSubscriptionPackages" time="0.071" errors="0" timestamp="2023-03-13T21:11:33 EET" skipped="0">
  <testcase classname="tests.JordanSubscriptionPackages" name="ValidateLitePackage_Jordan" time="0.019"/>
  <system-out/>
  <testcase classname="tests.JordanSubscriptionPackages" name="ValidateClassicPackage_Jordan" time="0.021"/>
  <system-out/>
  <testcase classname="tests.JordanSubscriptionPackages" name="ValidatePremiumPackage_Jordan" time="0.015"/>
  <system-out/>
  <testcase classname="tests.JordanSubscriptionPackages" name="ValidateTheCurrency_Jordan" time="0.016"/>
  <system-out/>
</testsuite> <!-- tests.JordanSubscriptionPackages -->
