<?xml version="1.0" encoding="UTF-8"?>
<!-- Generated by org.testng.reporters.JUnitReportReporter -->
<testsuite hostname="EG-MMEGAWER" failures="0" tests="4" name="tests.EgyptSubscriptionPackages" time="0.152" errors="0" timestamp="2023-03-13T21:11:33 EET" skipped="0">
  <testcase classname="tests.EgyptSubscriptionPackages" name="ValidateLitePackage_Egypt" time="0.050"/>
  <system-out/>
  <testcase classname="tests.EgyptSubscriptionPackages" name="ValidateClassicPackage_Egypt" time="0.041"/>
  <system-out/>
  <testcase classname="tests.EgyptSubscriptionPackages" name="ValidatePremiumPackage_Egypt" time="0.038"/>
  <system-out/>
  <testcase classname="tests.EgyptSubscriptionPackages" name="ValidateTheCurrency_Egypt" time="0.023"/>
  <system-out/>
</testsuite> <!-- tests.EgyptSubscriptionPackages -->
