<?xml version="1.0" encoding="UTF-8"?>
<!-- Generated by org.testng.reporters.JUnitReportReporter -->
<testsuite hostname="EG-MMEGAWER" failures="0" tests="3" name="runner.TestRunner" time="7.385" errors="0" timestamp="2023-03-13T21:50:21 EET" skipped="0">
  <testcase classname="runner.TestRunner" name="runScenario" time="1.750"/>
  <system-out/>
  <testcase classname="runner.TestRunner" name="runScenario" time="5.262"/>
  <system-out/>
  <testcase classname="runner.TestRunner" name="runScenario" time="0.373"/>
  <system-out/>
</testsuite> <!-- runner.TestRunner -->
